<?xml version="1.0" encoding="UTF-8"?>
<coverage generated="1707369100017" clover="3.2.0">
  <project timestamp="1707369100018" name="All files">
    <metrics statements="6" coveredstatements="3" conditionals="0" coveredconditionals="0" methods="4" coveredmethods="1" elements="10" coveredelements="4" complexity="0" loc="6" ncloc="6" packages="1" files="1" classes="1"/>
    <file name="basic.js" path="C:\Users\pc\Documents\4-2\CSE 4806_Software Verification and Validation Lab\3\calculator\src\basic.js">
      <metrics statements="6" coveredstatements="3" conditionals="0" coveredconditionals="0" methods="4" coveredmethods="1"/>
      <line num="2" count="17" type="stmt"/>
      <line num="6" count="0" type="stmt"/>
      <line num="10" count="0" type="stmt"/>
      <line num="14" count="0" type="stmt"/>
      <line num="17" count="1" type="stmt"/>
      <line num="19" count="1" type="stmt"/>
    </file>
  </project>
</coverage>
